\BOOKMARK [1][-]{section.1}{Introduction}{}% 1
\BOOKMARK [1][-]{section.2}{Requirements}{}% 2
\BOOKMARK [1][-]{section.3}{Package Structure}{}% 3
\BOOKMARK [1][-]{section.4}{Installation}{}% 4
\BOOKMARK [2][-]{subsection.4.1}{QT}{section.4}% 5
\BOOKMARK [2][-]{subsection.4.2}{MINUIT}{section.4}% 6
\BOOKMARK [2][-]{subsection.4.3}{MUD}{section.4}% 7
\BOOKMARK [2][-]{subsection.4.4}{XMGR}{section.4}% 8
\BOOKMARK [2][-]{subsection.4.5}{GSL}{section.4}% 9
\BOOKMARK [2][-]{subsection.4.6}{BnmrOffice}{section.4}% 10
\BOOKMARK [1][-]{section.5}{Description of the GUI}{}% 11
\BOOKMARK [2][-]{subsection.5.1}{Menu bar}{section.5}% 12
\BOOKMARK [3][-]{subsubsection.5.1.1}{File}{subsection.5.1}% 13
\BOOKMARK [3][-]{subsubsection.5.1.2}{Edit}{subsection.5.1}% 14
\BOOKMARK [3][-]{subsubsection.5.1.3}{View}{subsection.5.1}% 15
\BOOKMARK [3][-]{subsubsection.5.1.4}{Plotting}{subsection.5.1}% 16
\BOOKMARK [3][-]{subsubsection.5.1.5}{Help}{subsection.5.1}% 17
\BOOKMARK [2][-]{subsection.5.2}{Streaming data}{section.5}% 18
\BOOKMARK [2][-]{subsection.5.3}{Search}{section.5}% 19
\BOOKMARK [2][-]{subsection.5.4}{Regression}{section.5}% 20
\BOOKMARK [3][-]{subsubsection.5.4.1}{Data input}{subsection.5.4}% 21
\BOOKMARK [3][-]{subsubsection.5.4.2}{Fitting selection}{subsection.5.4}% 22
\BOOKMARK [3][-]{subsubsection.5.4.3}{Results output}{subsection.5.4}% 23
\BOOKMARK [3][-]{subsubsection.5.4.4}{Parameters input}{subsection.5.4}% 24
\BOOKMARK [3][-]{subsubsection.5.4.5}{Parameters output}{subsection.5.4}% 25
\BOOKMARK [2][-]{subsection.5.5}{Results}{section.5}% 26
\BOOKMARK [2][-]{subsection.5.6}{Database}{section.5}% 27
\BOOKMARK [2][-]{subsection.5.7}{Simulations}{section.5}% 28
\BOOKMARK [3][-]{subsubsection.5.7.1}{Van-Vleck second moment}{subsection.5.7}% 29
\BOOKMARK [3][-]{subsubsection.5.7.2}{Superconducting energy gap}{subsection.5.7}% 30
\BOOKMARK [2][-]{subsection.5.8}{Converter}{section.5}% 31
\BOOKMARK [1][-]{section.6}{Fitting functions}{}% 32
